npm ERR! code ELIFECYCLE
npm ERR! errno 1
npm ERR! @ lint: `eslint --config ${CYBER_DOJO_SANDBOX}/.eslintrc.json /**/*.js`
npm ERR! Exit status 1
npm ERR! 
npm ERR! Failed at the @ lint script.
npm ERR! This is probably not a problem with npm. There is likely additional logging output above.

npm ERR! A complete log of this run can be found in:
npm ERR!     /home/sandbox/.npm/_logs/2022-08-26T09_42_05_850Z-debug.log
FAIL ./hiker.test.js
  â— Test suite failed to run

    SyntaxError: /sandbox/hiker.js: Unexpected token, expected ":" (20:2)

      18 |   {
      19 |     return (number) => (number % modulo) === 0 ? string
    > 20 |   }
         |   ^
      21 |   
      22 |   /* var resultArray2 = [];
      23 |

      at Parser._raise (../etc/jest/node_modules/@babel/parser/src/parser/error.js:60:45)

Test Suites: 1 failed, 1 total
Tests:       0 total
Snapshots:   0 total
Time:        1.485 s
Ran all test suites.
npm ERR! code ELIFECYCLE
npm ERR! errno 1
npm ERR! @ test: `jest --coverage`
npm ERR! Exit status 1
npm ERR! 
npm ERR! Failed at the @ test script.
npm ERR! This is probably not a problem with npm. There is likely additional logging output above.

npm ERR! A complete log of this run can be found in:
npm ERR!     /home/sandbox/.npm/_logs/2022-08-26T09_42_08_137Z-debug.log
